{
  "RSpec": {
    "coverage": {
      "/Users/curtdeblaey/Documents/workspace/poker-hands/spec/lib/hand_spec.rb": [
        1,
        null,
        1,
        4,
        4,
        5,
        3,
        3,
        4,
        3,
        3,
        3,
        null,
        1,
        1,
        1,
        1,
        null,
        null,
        null,
        null,
        null,
        null,
        null,
        null,
        null,
        null,
        1,
        1,
        1,
        1,
        1,
        1,
        null,
        null,
        1,
        1,
        1,
        1,
        1,
        1,
        1,
        1,
        1,
        1,
        1,
        null,
        null,
        null,
        1,
        1,
        1,
        1,
        1,
        1,
        1,
        1,
        null,
        null,
        1,
        1,
        1,
        1,
        null,
        null,
        null,
        null,
        1,
        1,
        1,
        1,
        1,
        1,
        null,
        null,
        1,
        1,
        1,
        1,
        null,
        null,
        1,
        1,
        1,
        1,
        null,
        null,
        1,
        1,
        1,
        1,
        1,
        null,
        null,
        1,
        1,
        1,
        1,
        null,
        null,
        1,
        1,
        1,
        null,
        null,
        1,
        1,
        1,
        null,
        null,
        1,
        1,
        1,
        1,
        1,
        1,
        1,
        null,
        null,
        1,
        1,
        1,
        1,
        1,
        1,
        1,
        null,
        null,
        null,
        null,
        1,
        1,
        1,
        1,
        1,
        1,
        1,
        1,
        1,
        1,
        1,
        null,
        1,
        1,
        1,
        1,
        1,
        1,
        1,
        null,
        1,
        1,
        1,
        1,
        1,
        1,
        1,
        null,
        1,
        1,
        1,
        1,
        1,
        1,
        null,
        1,
        1,
        1,
        1,
        1,
        null,
        1,
        1,
        1,
        1,
        null,
        1,
        1,
        1,
        null,
        1,
        1,
        null,
        1,
        1,
        null,
        1,
        1,
        null,
        1,
        1,
        1,
        1,
        1,
        1,
        1,
        1,
        null,
        null,
        null,
        null,
        null,
        null
      ],
      "/Users/curtdeblaey/Documents/workspace/poker-hands/lib/hand.rb": [
        1,
        1,
        null,
        1,
        173,
        null,
        null,
        null,
        1,
        114,
        null,
        null,
        null,
        1,
        196,
        null,
        null,
        null,
        1,
        64,
        null,
        null,
        null,
        1,
        50,
        null,
        null,
        null,
        1,
        235,
        null,
        null,
        null,
        1,
        91,
        91,
        null,
        null,
        null,
        1,
        21,
        null,
        null,
        null,
        1,
        15,
        null,
        null,
        null,
        1,
        11,
        null,
        null,
        null,
        1,
        791,
        null,
        null,
        791,
        null,
        null,
        791,
        null,
        null,
        791,
        null,
        null,
        1,
        null,
        null,
        1,
        511,
        76,
        null,
        null,
        null,
        1,
        75,
        75,
        320,
        32,
        86,
        null,
        null,
        59,
        null,
        null,
        null,
        1,
        10,
        null,
        null,
        null,
        1,
        9,
        9,
        9,
        198,
        198,
        33,
        null,
        1,
        null,
        null,
        null,
        1,
        54,
        54,
        197,
        44,
        8,
        6,
        null,
        36,
        null,
        153,
        null,
        2,
        null,
        null
      ]
    },
    "timestamp": 1506530344
  }
}
